This file contains any messages produced by compilers while
running configure, to aid debugging if configure makes a mistake.

It was created by seis_process configure 1.0.1, which was
generated by GNU Autoconf 2.61.  Invocation command line was

  $ ./configure --prefix=/home/andrea/Dropbox/utils/seis_process

## --------- ##
## Platform. ##
## --------- ##

hostname = andrea-XPS-13-9360
uname -m = x86_64
uname -r = 4.8.0-27-generic
uname -s = Linux
uname -v = #29-Ubuntu SMP Thu Oct 20 21:03:13 UTC 2016

/usr/bin/uname -p = unknown
/bin/uname -X     = unknown

/bin/arch              = unknown
/usr/bin/arch -k       = unknown
/usr/convex/getsysinfo = unknown
/usr/bin/hostinfo      = unknown
/bin/machine           = unknown
/usr/bin/oslevel       = unknown
/bin/universe          = unknown

PATH: /home/andrea/anaconda2/bin
PATH: /home/andrea/Dropbox/Work/NERC_Project_UCL/lib
PATH: /home/andrea/Dropbox/utils/sac2asc
PATH: /home/andrea/Dropbox/utils/seis_process/bin
PATH: /home/andrea/Dropbox/Work/Ellipticity_UCL/lib/MAMBo_package_fast/MAMBo_package
PATH: /home/andrea/Dropbox/utils/Geopsy/geopsypack-2items-src-2.9.0/bin
PATH: /home/andrea/Dropbox/utils/ingv_data_client
PATH: /home/andrea/Dropbox/utils/xy2sac/
PATH: /home/andrea/Dropbox/utils/mseed2sac/mseed2sac-2.0
PATH: /home/andrea/utils/MatLab/bin
PATH: /home/andrea/anaconda2/bin
PATH: /home/andrea/Dropbox/utils/rdseedv5.3.1
PATH: /home/andrea/Dropbox/utils/herrmann/PROGRAMS.330/bin
PATH: /home/andrea/Dropbox/utils/sac/bin
PATH: /home/andrea/anaconda2/bin
PATH: /home/andrea/Dropbox/Work/NERC_Project_UCL/lib
PATH: /home/andrea/Dropbox/utils/sac2asc
PATH: /home/andrea/Dropbox/utils/seis_process/bin
PATH: /home/andrea/Dropbox/Work/Ellipticity_UCL/lib/MAMBo_package_fast/MAMBo_package
PATH: /home/andrea/Dropbox/utils/Geopsy/geopsypack-2items-src-2.9.0/bin
PATH: /home/andrea/Dropbox/utils/ingv_data_client
PATH: /home/andrea/Dropbox/utils/xy2sac/
PATH: /home/andrea/Dropbox/utils/mseed2sac/mseed2sac-2.0
PATH: /home/andrea/utils/MatLab/bin
PATH: /home/andrea/anaconda2/bin
PATH: /home/andrea/Dropbox/utils/rdseedv5.3.1
PATH: /home/andrea/Dropbox/utils/herrmann/PROGRAMS.330/bin
PATH: /home/andrea/Dropbox/utils/sac/bin
PATH: /home/andrea/anaconda2/bin
PATH: /home/andrea/Dropbox/Work/NERC_Project_UCL/lib
PATH: /home/andrea/Dropbox/utils/sac2asc
PATH: /home/andrea/Dropbox/utils/seis_process/bin
PATH: /home/andrea/Dropbox/Work/Ellipticity_UCL/lib/MAMBo_package_fast/MAMBo_package
PATH: /home/andrea/Dropbox/utils/Geopsy/geopsypack-2items-src-2.9.0/bin
PATH: /home/andrea/Dropbox/utils/ingv_data_client
PATH: /home/andrea/Dropbox/utils/xy2sac/
PATH: /home/andrea/Dropbox/utils/mseed2sac/mseed2sac-2.0
PATH: /home/andrea/utils/MatLab/bin
PATH: /home/andrea/anaconda2/bin
PATH: /home/andrea/Dropbox/utils/rdseedv5.3.1
PATH: /home/andrea/Dropbox/utils/herrmann/PROGRAMS.330/bin
PATH: /home/andrea/Dropbox/utils/sac/bin
PATH: /home/andrea/anaconda2/bin
PATH: /home/andrea/Dropbox/Work/NERC_Project_UCL/lib
PATH: /home/andrea/Dropbox/utils/sac2asc
PATH: /home/andrea/Dropbox/utils/seis_process/bin
PATH: /home/andrea/Dropbox/Work/Ellipticity_UCL/lib/MAMBo_package_fast/MAMBo_package
PATH: /home/andrea/Dropbox/utils/Geopsy/geopsypack-2items-src-2.9.0/bin
PATH: /home/andrea/Dropbox/utils/ingv_data_client
PATH: /home/andrea/Dropbox/utils/xy2sac/
PATH: /home/andrea/Dropbox/utils/mseed2sac/mseed2sac-2.0
PATH: /home/andrea/utils/MatLab/bin
PATH: /home/andrea/anaconda2/bin
PATH: /home/andrea/Dropbox/utils/rdseedv5.3.1
PATH: /home/andrea/Dropbox/utils/herrmann/PROGRAMS.330/bin
PATH: /home/andrea/Dropbox/utils/sac/bin
PATH: /home/andrea/anaconda2/bin
PATH: /home/andrea/Dropbox/utils/sac2asc
PATH: /home/andrea/Dropbox/utils/seis_process/bin
PATH: /home/andrea/Dropbox/Work/Ellipticity_UCL/lib/MAMBo_package_fast/MAMBo_package
PATH: /home/andrea/Dropbox/utils/Geopsy/geopsypack-2items-src-2.9.0/bin
PATH: /home/andrea/Dropbox/utils/ingv_data_client
PATH: /home/andrea/Dropbox/utils/xy2sac/
PATH: /home/andrea/Dropbox/utils/mseed2sac/mseed2sac-2.0
PATH: /home/andrea/utils/MatLab/bin
PATH: /home/andrea/anaconda2/bin
PATH: /home/andrea/Dropbox/utils/rdseedv5.3.1
PATH: /home/andrea/Dropbox/utils/herrmann/PROGRAMS.330/bin
PATH: /home/andrea/Dropbox/utils/sac/bin
PATH: /home/andrea/bin
PATH: /home/andrea/.local/bin
PATH: /usr/local/sbin
PATH: /usr/local/bin
PATH: /usr/sbin
PATH: /usr/bin
PATH: /sbin
PATH: /bin
PATH: /usr/games
PATH: /usr/local/games
PATH: /snap/bin


## ----------- ##
## Core tests. ##
## ----------- ##

configure:1779: checking for a BSD-compatible install
configure:1835: result: /usr/bin/install -c
configure:1846: checking whether build environment is sane
configure:1889: result: yes
configure:1954: checking for gawk
configure:1984: result: no
configure:1954: checking for mawk
configure:1970: found /usr/bin/mawk
configure:1981: result: mawk
configure:1992: checking whether make sets $(MAKE)
configure:2013: result: yes
configure:2264: checking for gcc
configure:2280: found /usr/bin/gcc
configure:2291: result: gcc
configure:2529: checking for C compiler version
configure:2536: gcc --version >&5
gcc (Ubuntu 6.2.0-5ubuntu12) 6.2.0 20161005
Copyright (C) 2016 Free Software Foundation, Inc.
This is free software; see the source for copying conditions.  There is NO
warranty; not even for MERCHANTABILITY or FITNESS FOR A PARTICULAR PURPOSE.

configure:2539: $? = 0
configure:2546: gcc -v >&5
Using built-in specs.
COLLECT_GCC=gcc
COLLECT_LTO_WRAPPER=/usr/lib/gcc/x86_64-linux-gnu/6/lto-wrapper
Target: x86_64-linux-gnu
Configured with: ../src/configure -v --with-pkgversion='Ubuntu 6.2.0-5ubuntu12' --with-bugurl=file:///usr/share/doc/gcc-6/README.Bugs --enable-languages=c,ada,c++,java,go,d,fortran,objc,obj-c++ --prefix=/usr --program-suffix=-6 --program-prefix=x86_64-linux-gnu- --enable-shared --enable-linker-build-id --libexecdir=/usr/lib --without-included-gettext --enable-threads=posix --libdir=/usr/lib --enable-nls --with-sysroot=/ --enable-clocale=gnu --enable-libstdcxx-debug --enable-libstdcxx-time=yes --with-default-libstdcxx-abi=new --enable-gnu-unique-object --disable-vtable-verify --enable-libmpx --enable-plugin --enable-default-pie --with-system-zlib --disable-browser-plugin --enable-java-awt=gtk --enable-gtk-cairo --with-java-home=/usr/lib/jvm/java-1.5.0-gcj-6-amd64/jre --enable-java-home --with-jvm-root-dir=/usr/lib/jvm/java-1.5.0-gcj-6-amd64 --with-jvm-jar-dir=/usr/lib/jvm-exports/java-1.5.0-gcj-6-amd64 --with-arch-directory=amd64 --with-ecj-jar=/usr/share/java/eclipse-ecj.jar --enable-objc-gc --enable-multiarch --disable-werror --with-arch-32=i686 --with-abi=m64 --with-multilib-list=m32,m64,mx32 --enable-multilib --with-tune=generic --enable-checking=release --build=x86_64-linux-gnu --host=x86_64-linux-gnu --target=x86_64-linux-gnu
Thread model: posix
gcc version 6.2.0 20161005 (Ubuntu 6.2.0-5ubuntu12) 
configure:2549: $? = 0
configure:2556: gcc -V >&5
gcc: error: unrecognized command line option '-V'
gcc: fatal error: no input files
compilation terminated.
configure:2559: $? = 1
configure:2582: checking for C compiler default output file name
configure:2609: gcc    conftest.c  >&5
configure:2612: $? = 0
configure:2650: result: a.out
configure:2667: checking whether the C compiler works
configure:2677: ./a.out
configure:2680: $? = 0
configure:2697: result: yes
configure:2704: checking whether we are cross compiling
configure:2706: result: no
configure:2709: checking for suffix of executables
configure:2716: gcc -o conftest    conftest.c  >&5
configure:2719: $? = 0
configure:2743: result: 
configure:2749: checking for suffix of object files
configure:2775: gcc -c   conftest.c >&5
configure:2778: $? = 0
configure:2801: result: o
configure:2805: checking whether we are using the GNU C compiler
configure:2834: gcc -c   conftest.c >&5
configure:2840: $? = 0
configure:2857: result: yes
configure:2862: checking whether gcc accepts -g
configure:2892: gcc -c -g  conftest.c >&5
configure:2898: $? = 0
configure:2997: result: yes
configure:3014: checking for gcc option to accept ISO C89
configure:3088: gcc  -c -g -O2  conftest.c >&5
configure:3094: $? = 0
configure:3117: result: none needed
configure:3146: checking for style of include used by make
configure:3174: result: GNU
configure:3202: checking dependency style of gcc
configure:3292: result: gcc3
configure:3317: checking for library containing sqrt
configure:3358: gcc -o conftest -g -O2 -I/home/andrea/Dropbox/utils/sac/aux/../include  -L/home/andrea/Dropbox/utils/sac/aux/../lib  conftest.c  >&5
conftest.c:17:6: warning: conflicting types for built-in function 'sqrt'
 char sqrt ();
      ^~~~
/tmp/ccq9q19i.o: In function `main':
/home/andrea/Dropbox/utils/seis_process/conftest.c:21: undefined reference to `sqrt'
collect2: error: ld returned 1 exit status
configure:3364: $? = 1
configure: failed program was:
| /* confdefs.h.  */
| #define PACKAGE_NAME "seis_process"
| #define PACKAGE_TARNAME "seis_process"
| #define PACKAGE_VERSION "1.0.1"
| #define PACKAGE_STRING "seis_process 1.0.1"
| #define PACKAGE_BUGREPORT "cig-seismo@geodynamics.org"
| #define PACKAGE "seis_process"
| #define VERSION "1.0.1"
| /* end confdefs.h.  */
| 
| /* Override any GCC internal prototype to avoid an error.
|    Use char because int might match the return type of a GCC
|    builtin and then its argument prototype would still apply.  */
| #ifdef __cplusplus
| extern "C"
| #endif
| char sqrt ();
| int
| main ()
| {
| return sqrt ();
|   ;
|   return 0;
| }
configure:3358: gcc -o conftest -g -O2 -I/home/andrea/Dropbox/utils/sac/aux/../include  -L/home/andrea/Dropbox/utils/sac/aux/../lib  conftest.c -lm   >&5
conftest.c:17:6: warning: conflicting types for built-in function 'sqrt'
 char sqrt ();
      ^~~~
configure:3364: $? = 0
configure:3392: result: -lm
configure:3401: checking for rsac1 in -lsacio
configure:3436: gcc -o conftest -g -O2 -I/home/andrea/Dropbox/utils/sac/aux/../include  -L/home/andrea/Dropbox/utils/sac/aux/../lib  conftest.c -lsacio  -lm  >&5
/usr/bin/ld: /home/andrea/Dropbox/utils/sac/aux/../lib/libsacio.a(rsac1.o): relocation R_X86_64_32 against `.rodata' can not be used when making a shared object; recompile with -fPIC
/usr/bin/ld: /home/andrea/Dropbox/utils/sac/aux/../lib/libsacio.a(rsach.o): relocation R_X86_64_32 against `.rodata' can not be used when making a shared object; recompile with -fPIC
/usr/bin/ld: /home/andrea/Dropbox/utils/sac/aux/../lib/libsacio.a(apcmsg.o): relocation R_X86_64_32 against undefined symbol `kmmsg' can not be used when making a shared object; recompile with -fPIC
/usr/bin/ld: /home/andrea/Dropbox/utils/sac/aux/../lib/libsacio.a(aplmsg.o): relocation R_X86_64_32 against undefined symbol `kmmsg' can not be used when making a shared object; recompile with -fPIC
/usr/bin/ld: /home/andrea/Dropbox/utils/sac/aux/../lib/libsacio.a(clrmsg.o): relocation R_X86_64_32S against undefined symbol `kmmsg' can not be used when making a shared object; recompile with -fPIC
/usr/bin/ld: /home/andrea/Dropbox/utils/sac/aux/../lib/libsacio.a(inimsg.o): relocation R_X86_64_32 against undefined symbol `kmmsg' can not be used when making a shared object; recompile with -fPIC
/usr/bin/ld: /home/andrea/Dropbox/utils/sac/aux/../lib/libsacio.a(sacmsg.o): relocation R_X86_64_32 against `.rodata' can not be used when making a shared object; recompile with -fPIC
/usr/bin/ld: /home/andrea/Dropbox/utils/sac/aux/../lib/libsacio.a(sendmesg.o): relocation R_X86_64_32S against undefined symbol `cmmsg' can not be used when making a shared object; recompile with -fPIC
/usr/bin/ld: /home/andrea/Dropbox/utils/sac/aux/../lib/libsacio.a(setmsg.o): relocation R_X86_64_32 against `.text' can not be used when making a shared object; recompile with -fPIC
/usr/bin/ld: /home/andrea/Dropbox/utils/sac/aux/../lib/libsacio.a(typmsg.o): relocation R_X86_64_32S against undefined symbol `kmmsg' can not be used when making a shared object; recompile with -fPIC
/usr/bin/ld: /home/andrea/Dropbox/utils/sac/aux/../lib/libsacio.a(byteswap.o): relocation R_X86_64_32 against `.text' can not be used when making a shared object; recompile with -fPIC
/usr/bin/ld: /home/andrea/Dropbox/utils/sac/aux/../lib/libsacio.a(strings.o): relocation R_X86_64_32 against `.rodata' can not be used when making a shared object; recompile with -fPIC
/usr/bin/ld: /home/andrea/Dropbox/utils/sac/aux/../lib/libsacio.a(hdrfld_io.o): relocation R_X86_64_32 against `.rodata' can not be used when making a shared object; recompile with -fPIC
/usr/bin/ld: /home/andrea/Dropbox/utils/sac/aux/../lib/libsacio.a(outmsg_io.o): relocation R_X86_64_32 against undefined symbol `kmmsg' can not be used when making a shared object; recompile with -fPIC
/usr/bin/ld: /home/andrea/Dropbox/utils/sac/aux/../lib/libsacio.a(crname.o): relocation R_X86_64_32 against `.rodata' can not be used when making a shared object; recompile with -fPIC
/usr/bin/ld: /home/andrea/Dropbox/utils/sac/aux/../lib/libsacio.a(indexb.o): relocation R_X86_64_32 against `.text' can not be used when making a shared object; recompile with -fPIC
/usr/bin/ld: /home/andrea/Dropbox/utils/sac/aux/../lib/libsacio.a(modcase.o): relocation R_X86_64_32 against `.text' can not be used when making a shared object; recompile with -fPIC
/usr/bin/ld: /home/andrea/Dropbox/utils/sac/aux/../lib/libsacio.a(nequal.o): relocation R_X86_64_32 against `.text' can not be used when making a shared object; recompile with -fPIC
/usr/bin/ld: /home/andrea/Dropbox/utils/sac/aux/../lib/libsacio.a(fstrncpy.o): relocation R_X86_64_32 against `.text' can not be used when making a shared object; recompile with -fPIC
/usr/bin/ld: /home/andrea/Dropbox/utils/sac/aux/../lib/libsacio.a(math.o): relocation R_X86_64_32 against `.text' can not be used when making a shared object; recompile with -fPIC
/usr/bin/ld: /home/andrea/Dropbox/utils/sac/aux/../lib/libsacio.a(subscpy.o): relocation R_X86_64_32 against `.text' can not be used when making a shared object; recompile with -fPIC
/usr/bin/ld: /home/andrea/Dropbox/utils/sac/aux/../lib/libsacio.a(zbasename.o): relocation R_X86_64_32 against `.rodata' can not be used when making a shared object; recompile with -fPIC
/usr/bin/ld: /home/andrea/Dropbox/utils/sac/aux/../lib/libsacio.a(zclose.o): relocation R_X86_64_32 against `.text' can not be used when making a shared object; recompile with -fPIC
/usr/bin/ld: /home/andrea/Dropbox/utils/sac/aux/../lib/libsacio.a(zclosec.o): relocation R_X86_64_32 against `.text' can not be used when making a shared object; recompile with -fPIC
/usr/bin/ld: /home/andrea/Dropbox/utils/sac/aux/../lib/libsacio.a(zcloses.o): relocation R_X86_64_32 against `.text' can not be used when making a shared object; recompile with -fPIC
/usr/bin/ld: /home/andrea/Dropbox/utils/sac/aux/../lib/libsacio.a(zgetc.o): relocation R_X86_64_32 against `.text' can not be used when making a shared object; recompile with -fPIC
/usr/bin/ld: /home/andrea/Dropbox/utils/sac/aux/../lib/libsacio.a(zopen.o): relocation R_X86_64_32 against `.rodata' can not be used when making a shared object; recompile with -fPIC
/usr/bin/ld: /home/andrea/Dropbox/utils/sac/aux/../lib/libsacio.a(zopenc.o): relocation R_X86_64_32 against `.text' can not be used when making a shared object; recompile with -fPIC
/usr/bin/ld: /home/andrea/Dropbox/utils/sac/aux/../lib/libsacio.a(zopens.o): relocation R_X86_64_32 against `.rodata' can not be used when making a shared object; recompile with -fPIC
/usr/bin/ld: /home/andrea/Dropbox/utils/sac/aux/../lib/libsacio.a(zrabs.o): relocation R_X86_64_32 against `.rodata' can not be used when making a shared object; recompile with -fPIC
/usr/bin/ld: /home/andrea/Dropbox/utils/sac/aux/../lib/libsacio.a(inihdr.o): relocation R_X86_64_32 against `.text' can not be used when making a shared object; recompile with -fPIC
/usr/bin/ld: /home/andrea/Dropbox/utils/sac/aux/../lib/libsacio.a(inilhf.o): relocation R_X86_64_32 against undefined symbol `kmlhf' can not be used when making a shared object; recompile with -fPIC
/usr/bin/ld: /home/andrea/Dropbox/utils/sac/aux/../lib/libsacio.a(map_chdr_in.o): relocation R_X86_64_32 against `.text' can not be used when making a shared object; recompile with -fPIC
/usr/bin/ld: /home/andrea/Dropbox/utils/sac/aux/../lib/libsacio.a(f2c.o): relocation R_X86_64_32 against `.rodata' can not be used when making a shared object; recompile with -fPIC
/usr/bin/ld: /home/andrea/Dropbox/utils/sac/aux/../lib/libsacio.a(apcmsg2.o): relocation R_X86_64_32 against `.text' can not be used when making a shared object; recompile with -fPIC
/usr/bin/ld: /home/andrea/Dropbox/utils/sac/aux/../lib/libsacio.a(apcmsgnum.o): relocation R_X86_64_32 against `.text' can not be used when making a shared object; recompile with -fPIC
/usr/bin/ld: /home/andrea/Dropbox/utils/sac/aux/../lib/libsacio.a(apimsg.o): relocation R_X86_64_32 against `.text' can not be used when making a shared object; recompile with -fPIC
/usr/bin/ld: /home/andrea/Dropbox/utils/sac/aux/../lib/libsacio.a(getsmsg.o): relocation R_X86_64_32S against undefined symbol `kmmsg' can not be used when making a shared object; recompile with -fPIC
/usr/bin/ld: /home/andrea/Dropbox/utils/sac/aux/../lib/libsacio.a(cnvita.o): relocation R_X86_64_32 against `.rodata' can not be used when making a shared object; recompile with -fPIC
/usr/bin/ld: /home/andrea/Dropbox/utils/sac/aux/../lib/libsacio.a(ljust.o): relocation R_X86_64_32 against `.text' can not be used when making a shared object; recompile with -fPIC
/usr/bin/ld: /home/andrea/Dropbox/utils/sac/aux/../lib/libsacio.a(indexa.o): relocation R_X86_64_32 against `.text' can not be used when making a shared object; recompile with -fPIC
/usr/bin/ld: /home/andrea/Dropbox/utils/sac/aux/../lib/libsacio.a(zinquire.o): relocation R_X86_64_32 against `.rodata' can not be used when making a shared object; recompile with -fPIC
/usr/bin/ld: final link failed: Nonrepresentable section on output
collect2: error: ld returned 1 exit status
configure:3442: $? = 1
configure: failed program was:
| /* confdefs.h.  */
| #define PACKAGE_NAME "seis_process"
| #define PACKAGE_TARNAME "seis_process"
| #define PACKAGE_VERSION "1.0.1"
| #define PACKAGE_STRING "seis_process 1.0.1"
| #define PACKAGE_BUGREPORT "cig-seismo@geodynamics.org"
| #define PACKAGE "seis_process"
| #define VERSION "1.0.1"
| /* end confdefs.h.  */
| 
| /* Override any GCC internal prototype to avoid an error.
|    Use char because int might match the return type of a GCC
|    builtin and then its argument prototype would still apply.  */
| #ifdef __cplusplus
| extern "C"
| #endif
| char rsac1 ();
| int
| main ()
| {
| return rsac1 ();
|   ;
|   return 0;
| }
configure:3460: result: no
configure:3470: error: sacio library not found

## ---------------- ##
## Cache variables. ##
## ---------------- ##

ac_cv_c_compiler_gnu=yes
ac_cv_env_CC_set=
ac_cv_env_CC_value=
ac_cv_env_CFLAGS_set=
ac_cv_env_CFLAGS_value=
ac_cv_env_CPPFLAGS_set=
ac_cv_env_CPPFLAGS_value=
ac_cv_env_CPP_set=
ac_cv_env_CPP_value=
ac_cv_env_LDFLAGS_set=
ac_cv_env_LDFLAGS_value=
ac_cv_env_LIBS_set=
ac_cv_env_LIBS_value=
ac_cv_env_SACAUX_set=set
ac_cv_env_SACAUX_value=/home/andrea/Dropbox/utils/sac/aux
ac_cv_env_build_alias_set=
ac_cv_env_build_alias_value=
ac_cv_env_host_alias_set=
ac_cv_env_host_alias_value=
ac_cv_env_target_alias_set=
ac_cv_env_target_alias_value=
ac_cv_lib_sacio_rsac1=no
ac_cv_objext=o
ac_cv_path_install='/usr/bin/install -c'
ac_cv_prog_AWK=mawk
ac_cv_prog_ac_ct_CC=gcc
ac_cv_prog_cc_c89=
ac_cv_prog_cc_g=yes
ac_cv_prog_make_make_set=yes
ac_cv_search_sqrt=-lm
am_cv_CC_dependencies_compiler_type=gcc3

## ----------------- ##
## Output variables. ##
## ----------------- ##

ACLOCAL='${SHELL} /home/andrea/Dropbox/utils/seis_process/missing --run aclocal-1.9'
AMDEPBACKSLASH='\'
AMDEP_FALSE='#'
AMDEP_TRUE=''
AMTAR='${SHELL} /home/andrea/Dropbox/utils/seis_process/missing --run tar'
AUTOCONF='${SHELL} /home/andrea/Dropbox/utils/seis_process/missing --run autoconf'
AUTOHEADER='${SHELL} /home/andrea/Dropbox/utils/seis_process/missing --run autoheader'
AUTOMAKE='${SHELL} /home/andrea/Dropbox/utils/seis_process/missing --run automake-1.9'
AWK='mawk'
CC='gcc'
CCDEPMODE='depmode=gcc3'
CFLAGS='-g -O2'
CPP=''
CPPFLAGS='-I/home/andrea/Dropbox/utils/sac/aux/../include '
CYGPATH_W='echo'
DEFS=''
DEPDIR='.deps'
ECHO_C=''
ECHO_N='-n'
ECHO_T=''
EGREP=''
EXEEXT=''
GREP=''
INSTALL_DATA='${INSTALL} -m 644'
INSTALL_PROGRAM='${INSTALL}'
INSTALL_SCRIPT='${INSTALL}'
INSTALL_STRIP_PROGRAM='${SHELL} $(install_sh) -c -s'
LDFLAGS='-L/home/andrea/Dropbox/utils/sac/aux/../lib '
LIBOBJS=''
LIBS='-lm '
LTLIBOBJS=''
MAKEINFO='${SHELL} /home/andrea/Dropbox/utils/seis_process/missing --run makeinfo'
OBJEXT='o'
PACKAGE='seis_process'
PACKAGE_BUGREPORT='cig-seismo@geodynamics.org'
PACKAGE_NAME='seis_process'
PACKAGE_STRING='seis_process 1.0.1'
PACKAGE_TARNAME='seis_process'
PACKAGE_VERSION='1.0.1'
PATH_SEPARATOR=':'
POW_LIB=''
SACAUX='/home/andrea/Dropbox/utils/sac/aux'
SET_MAKE=''
SHELL='/bin/bash'
STRIP=''
VERSION='1.0.1'
ac_ct_CC='gcc'
am__fastdepCC_FALSE='#'
am__fastdepCC_TRUE=''
am__include='include'
am__leading_dot='.'
am__quote=''
am__tar='${AMTAR} chof - "$$tardir"'
am__untar='${AMTAR} xf -'
bindir='${exec_prefix}/bin'
build_alias=''
datadir='${datarootdir}'
datarootdir='${prefix}/share'
docdir='${datarootdir}/doc/${PACKAGE_TARNAME}'
dvidir='${docdir}'
exec_prefix='NONE'
host_alias=''
htmldir='${docdir}'
includedir='${prefix}/include'
infodir='${datarootdir}/info'
install_sh='/home/andrea/Dropbox/utils/seis_process/install-sh'
libdir='${exec_prefix}/lib'
libexecdir='${exec_prefix}/libexec'
localedir='${datarootdir}/locale'
localstatedir='${prefix}/var'
mandir='${datarootdir}/man'
mkdir_p='mkdir -p --'
oldincludedir='/usr/include'
pdfdir='${docdir}'
prefix='/home/andrea/Dropbox/utils/seis_process'
program_transform_name='s,x,x,'
psdir='${docdir}'
sbindir='${exec_prefix}/sbin'
sharedstatedir='${prefix}/com'
sysconfdir='${prefix}/etc'
target_alias=''

## ----------- ##
## confdefs.h. ##
## ----------- ##

#define PACKAGE_NAME "seis_process"
#define PACKAGE_TARNAME "seis_process"
#define PACKAGE_VERSION "1.0.1"
#define PACKAGE_STRING "seis_process 1.0.1"
#define PACKAGE_BUGREPORT "cig-seismo@geodynamics.org"
#define PACKAGE "seis_process"
#define VERSION "1.0.1"

configure: exit 1
